[05/12/2022 10:24:37] - [PreProcessor] - [INFO] - [PreProcessor.Driver.main] - [Number of total Models: 34318]
[05/12/2022 10:24:37] - [PreProcessor] - [INFO] - [PreProcessor.Driver.main] - [Number of Models in chunk: 2859]
[05/12/2022 10:24:43] - [PreProcessor] - [INFO] - [PreProcessor.Driver.main] - [Model-Chunk written to disk.]
[05/12/2022 10:25:00] - [PreProcessor] - [INFO] - [PreProcessor.Driver.main] - [Number of unique terms: 213947]
[05/12/2022 10:25:00] - [PreProcessor] - [INFO] - [PreProcessor.Driver.main] - [Global term set written to disk]
[05/12/2022 10:36:48] - [PreProcessor] - [INFO] - [PreProcessor.Driver.main] - [Global term set written to disk]
[05/12/2022 10:36:48] - [PreProcessor] - [INFO] - [Util.PerformanceTimer.logStatements] - [Performance Timer Log: loadWarcModels:25371]
[05/12/2022 10:36:48] - [PreProcessor] - [INFO] - [Util.PerformanceTimer.logStatements] - [Performance Timer Log: getLocalUniques:275]
[05/12/2022 10:36:48] - [PreProcessor] - [INFO] - [Util.PerformanceTimer.logStatements] - [Performance Timer Log: getGlobalUniques:16947]
[05/12/2022 10:36:48] - [PreProcessor] - [INFO] - [Util.PerformanceTimer.logStatements] - [Performance Timer Log: serializeModels:5635]
[05/12/2022 10:36:48] - [PreProcessor] - [INFO] - [PreProcessor.Driver.main] - [Preprocessing done.]
[05/12/2022 03:11:34] - [PreProcessor] - [INFO] - [PreProcessor.Driver.main] - [Number of total Models: 34318]
[05/12/2022 03:16:54] - [PreProcessor] - [INFO] - [PreProcessor.Driver.main] - [Number of Models in chunk: 2859]
[05/12/2022 03:18:17] - [PreProcessor] - [INFO] - [PreProcessor.Driver.main] - [Number of total Models: 34318]
[05/12/2022 03:19:18] - [PreProcessor] - [INFO] - [PreProcessor.Driver.main] - [Number of Models in chunk: 2859]
[05/12/2022 03:20:11] - [PreProcessor] - [INFO] - [PreProcessor.Driver.main] - [Number of total Models: 34318]
[05/12/2022 03:20:47] - [PreProcessor] - [INFO] - [PreProcessor.Driver.main] - [Number of Models in chunk: 2859]
[05/12/2022 03:25:34] - [PreProcessor] - [INFO] - [PreProcessor.Driver.main] - [Number of total Models: 34318]
[05/12/2022 03:25:34] - [PreProcessor] - [INFO] - [PreProcessor.Driver.main] - [Number of Models in chunk: 2859]
[05/12/2022 03:27:10] - [PreProcessor] - [INFO] - [PreProcessor.Driver.main] - [Model-Chunk written to disk.]
[07/12/2022 08:04:46] - [PreProcessor] - [INFO] - [PreProcessor.Driver.main] - [Number of total Models: 34318]
[07/12/2022 08:04:46] - [PreProcessor] - [INFO] - [PreProcessor.Driver.main] - [Number of Models in chunk: 1429]
[07/12/2022 08:04:48] - [PreProcessor] - [INFO] - [PreProcessor.Driver.main] - [Model-Chunk written to disk.]
[07/12/2022 08:04:55] - [PreProcessor] - [INFO] - [PreProcessor.Driver.main] - [Number of unique terms: 111993]
[07/12/2022 08:04:55] - [PreProcessor] - [INFO] - [PreProcessor.Driver.main] - [Global term set written to disk]
[07/12/2022 08:08:06] - [PreProcessor] - [INFO] - [PreProcessor.Driver.main] - [Global term set written to disk]
[07/12/2022 08:08:06] - [PreProcessor] - [INFO] - [Util.PerformanceTimer.logStatements] - [Performance Timer Log: loadWarcModels:25333]
[07/12/2022 08:08:07] - [PreProcessor] - [INFO] - [Util.PerformanceTimer.logStatements] - [Performance Timer Log: getLocalUniques:122]
[07/12/2022 08:08:07] - [PreProcessor] - [INFO] - [Util.PerformanceTimer.logStatements] - [Performance Timer Log: getGlobalUniques:6333]
[07/12/2022 08:08:07] - [PreProcessor] - [INFO] - [Util.PerformanceTimer.logStatements] - [Performance Timer Log: serializeModels:2700]
[07/12/2022 08:08:07] - [PreProcessor] - [INFO] - [PreProcessor.Driver.main] - [Preprocessing done.]
[17/12/2022 05:24:15] - [PreProcessor] - [INFO] - [PreProcessor.Driver.main] - [Number of total Models: 0]
[17/12/2022 05:24:15] - [PreProcessor] - [INFO] - [PreProcessor.Driver.main] - [Number of Models in chunk: 0]
[17/12/2022 05:24:15] - [PreProcessor] - [INFO] - [PreProcessor.Driver.main] - [Model-Chunk written to disk.]
[17/12/2022 05:24:15] - [PreProcessor] - [INFO] - [PreProcessor.Driver.main] - [Number of unique terms: 0]
[17/12/2022 05:24:15] - [PreProcessor] - [INFO] - [PreProcessor.Driver.main] - [Global term set written to disk]
[17/12/2022 05:25:45] - [PreProcessor] - [INFO] - [PreProcessor.Driver.main] - [Number of total Models: 30282]
[17/12/2022 05:25:45] - [PreProcessor] - [INFO] - [PreProcessor.Driver.main] - [Number of Models in chunk: 1261]
[17/12/2022 05:25:48] - [PreProcessor] - [INFO] - [PreProcessor.Driver.main] - [Model-Chunk written to disk.]
[17/12/2022 05:26:15] - [PreProcessor] - [INFO] - [PreProcessor.Driver.main] - [Number of unique terms: 112010]
[17/12/2022 05:26:16] - [PreProcessor] - [INFO] - [PreProcessor.Driver.main] - [Global term set written to disk]
[17/12/2022 05:29:14] - [PreProcessor] - [INFO] - [PreProcessor.Driver.main] - [Global term set written to disk]
[17/12/2022 06:42:48] - [PreProcessor] - [INFO] - [Util.PerformanceTimer.logStatements] - [Performance Timer Log: createTxDMatrix:155934]
[17/12/2022 06:42:48] - [PreProcessor] - [INFO] - [Util.PerformanceTimer.logStatements] - [Performance Timer Log: loadWarcModels:25876]
[17/12/2022 06:42:48] - [PreProcessor] - [INFO] - [Util.PerformanceTimer.logStatements] - [Performance Timer Log: getLocalUniques:136]
[17/12/2022 06:42:48] - [PreProcessor] - [INFO] - [Util.PerformanceTimer.logStatements] - [Performance Timer Log: getGlobalUniques:5141]
[17/12/2022 06:42:48] - [PreProcessor] - [INFO] - [Util.PerformanceTimer.logStatements] - [Performance Timer Log: serializeModels:2695]
[17/12/2022 06:42:48] - [PreProcessor] - [INFO] - [Util.PerformanceTimer.logStatements] - [Performance Timer Log: createSVD:4407190]
[17/12/2022 06:42:48] - [PreProcessor] - [INFO] - [PreProcessor.Driver.main] - [Preprocessing done.]
[05/01/2023 07:54:07] - [PreProcessor] - [INFO] - [PreProcessor.Driver.main] - [Number of total Models: 30282]
[05/01/2023 07:54:07] - [PreProcessor] - [INFO] - [PreProcessor.Driver.main] - [Number of Models in chunk: 302]
[05/01/2023 07:54:07] - [PreProcessor] - [INFO] - [PreProcessor.Driver.main] - [Model-Chunk written to disk.]
[05/01/2023 07:54:10] - [PreProcessor] - [INFO] - [PreProcessor.Driver.main] - [Number of unique terms: 37701]
[05/01/2023 07:54:10] - [PreProcessor] - [INFO] - [PreProcessor.Driver.main] - [Global term set written to disk]
[05/01/2023 07:54:23] - [PreProcessor] - [INFO] - [PreProcessor.Driver.main] - [Global term set written to disk]
[05/01/2023 07:55:14] - [PreProcessor] - [INFO] - [Util.PerformanceTimer.logStatements] - [Performance Timer Log: createTxDMatrix:12453]
[05/01/2023 07:55:14] - [PreProcessor] - [INFO] - [Util.PerformanceTimer.logStatements] - [Performance Timer Log: loadWarcModels:24666]
[05/01/2023 07:55:14] - [PreProcessor] - [INFO] - [Util.PerformanceTimer.logStatements] - [Performance Timer Log: getLocalUniques:45]
[05/01/2023 07:55:14] - [PreProcessor] - [INFO] - [Util.PerformanceTimer.logStatements] - [Performance Timer Log: getGlobalUniques:2529]
[05/01/2023 07:55:14] - [PreProcessor] - [INFO] - [Util.PerformanceTimer.logStatements] - [Performance Timer Log: serializeModels:699]
[05/01/2023 07:55:14] - [PreProcessor] - [INFO] - [Util.PerformanceTimer.logStatements] - [Performance Timer Log: createSVD:50718]
[05/01/2023 07:55:14] - [PreProcessor] - [INFO] - [PreProcessor.Driver.main] - [Preprocessing done.]
[05/01/2023 07:56:12] - [PreProcessor] - [INFO] - [PreProcessor.Driver.main] - [Number of total Models: 30282]
[05/01/2023 07:56:12] - [PreProcessor] - [INFO] - [PreProcessor.Driver.main] - [Number of Models in chunk: 60]
[05/01/2023 07:56:12] - [PreProcessor] - [INFO] - [PreProcessor.Driver.main] - [Model-Chunk written to disk.]
[05/01/2023 07:56:12] - [PreProcessor] - [INFO] - [PreProcessor.Driver.main] - [Number of unique terms: 8005]
[05/01/2023 07:56:12] - [PreProcessor] - [INFO] - [PreProcessor.Driver.main] - [Global term set written to disk]
[05/01/2023 07:56:13] - [PreProcessor] - [INFO] - [PreProcessor.Driver.main] - [Global term set written to disk]
[05/01/2023 07:56:13] - [PreProcessor] - [INFO] - [Util.PerformanceTimer.logStatements] - [Performance Timer Log: createTxDMatrix:788]
[05/01/2023 07:56:13] - [PreProcessor] - [INFO] - [Util.PerformanceTimer.logStatements] - [Performance Timer Log: loadWarcModels:24418]
[05/01/2023 07:56:13] - [PreProcessor] - [INFO] - [Util.PerformanceTimer.logStatements] - [Performance Timer Log: getLocalUniques:22]
[05/01/2023 07:56:13] - [PreProcessor] - [INFO] - [Util.PerformanceTimer.logStatements] - [Performance Timer Log: getGlobalUniques:85]
[05/01/2023 07:56:13] - [PreProcessor] - [INFO] - [Util.PerformanceTimer.logStatements] - [Performance Timer Log: serializeModels:226]
[05/01/2023 07:56:13] - [PreProcessor] - [INFO] - [Util.PerformanceTimer.logStatements] - [Performance Timer Log: createSVD:354]
[05/01/2023 07:56:13] - [PreProcessor] - [INFO] - [PreProcessor.Driver.main] - [Preprocessing done.]
[05/01/2023 07:58:48] - [PreProcessor] - [INFO] - [PreProcessor.Driver.main] - [Number of total Models: 0]
[05/01/2023 07:58:48] - [PreProcessor] - [INFO] - [PreProcessor.Driver.main] - [Number of Models in chunk: 0]
[05/01/2023 07:58:48] - [PreProcessor] - [INFO] - [PreProcessor.Driver.main] - [Model-Chunk written to disk.]
[05/01/2023 07:58:48] - [PreProcessor] - [INFO] - [PreProcessor.Driver.main] - [Number of unique terms: 0]
[05/01/2023 07:58:48] - [PreProcessor] - [INFO] - [PreProcessor.Driver.main] - [Global term set written to disk]
[05/01/2023 08:00:58] - [PreProcessor] - [INFO] - [PreProcessor.Driver.main] - [Number of total Models: 5]
[05/01/2023 08:00:58] - [PreProcessor] - [INFO] - [PreProcessor.Driver.main] - [Number of Models in chunk: 0]
[05/01/2023 08:00:58] - [PreProcessor] - [INFO] - [PreProcessor.Driver.main] - [Model-Chunk written to disk.]
[05/01/2023 08:00:58] - [PreProcessor] - [INFO] - [PreProcessor.Driver.main] - [Number of unique terms: 0]
[05/01/2023 08:00:58] - [PreProcessor] - [INFO] - [PreProcessor.Driver.main] - [Global term set written to disk]
[05/01/2023 08:01:07] - [PreProcessor] - [INFO] - [PreProcessor.Driver.main] - [Number of total Models: 5]
[05/01/2023 08:01:07] - [PreProcessor] - [INFO] - [PreProcessor.Driver.main] - [Number of Models in chunk: 5]
[05/01/2023 08:01:07] - [PreProcessor] - [INFO] - [PreProcessor.Driver.main] - [Model-Chunk written to disk.]
[05/01/2023 08:01:07] - [PreProcessor] - [INFO] - [PreProcessor.Driver.main] - [Number of unique terms: 655]
[05/01/2023 08:01:07] - [PreProcessor] - [INFO] - [PreProcessor.Driver.main] - [Global term set written to disk]
[05/01/2023 08:01:07] - [PreProcessor] - [INFO] - [PreProcessor.Driver.main] - [Global term set written to disk]
[05/01/2023 08:01:07] - [PreProcessor] - [INFO] - [Util.PerformanceTimer.logStatements] - [Performance Timer Log: createTxDMatrix:8]
[05/01/2023 08:01:07] - [PreProcessor] - [INFO] - [Util.PerformanceTimer.logStatements] - [Performance Timer Log: loadWarcModels:20]
[05/01/2023 08:01:07] - [PreProcessor] - [INFO] - [Util.PerformanceTimer.logStatements] - [Performance Timer Log: getLocalUniques:5]
[05/01/2023 08:01:07] - [PreProcessor] - [INFO] - [Util.PerformanceTimer.logStatements] - [Performance Timer Log: getGlobalUniques:3]
[05/01/2023 08:01:07] - [PreProcessor] - [INFO] - [Util.PerformanceTimer.logStatements] - [Performance Timer Log: serializeModels:24]
[05/01/2023 08:01:07] - [PreProcessor] - [INFO] - [Util.PerformanceTimer.logStatements] - [Performance Timer Log: createSVD:3]
[05/01/2023 08:01:07] - [PreProcessor] - [INFO] - [PreProcessor.Driver.main] - [Preprocessing done.]
[05/01/2023 09:07:38] - [PreProcessor] - [INFO] - [PreProcessor.Driver.main] - [Number of total Models: 5]
[05/01/2023 09:07:38] - [PreProcessor] - [INFO] - [PreProcessor.Driver.main] - [Number of Models in chunk: 5]
[05/01/2023 09:07:38] - [PreProcessor] - [INFO] - [PreProcessor.Driver.main] - [Model-Chunk written to disk.]
[05/01/2023 09:07:38] - [PreProcessor] - [INFO] - [PreProcessor.Driver.main] - [Number of unique terms: 655]
[05/01/2023 09:07:38] - [PreProcessor] - [INFO] - [PreProcessor.Driver.main] - [Global term set written to disk]
[05/01/2023 09:07:38] - [PreProcessor] - [INFO] - [PreProcessor.Driver.main] - [Global term set written to disk]
[05/01/2023 09:07:38] - [PreProcessor] - [INFO] - [Util.PerformanceTimer.logStatements] - [Performance Timer Log: createTxDMatrix:11]
[05/01/2023 09:07:38] - [PreProcessor] - [INFO] - [Util.PerformanceTimer.logStatements] - [Performance Timer Log: loadWarcModels:25]
[05/01/2023 09:07:38] - [PreProcessor] - [INFO] - [Util.PerformanceTimer.logStatements] - [Performance Timer Log: getLocalUniques:6]
[05/01/2023 09:07:38] - [PreProcessor] - [INFO] - [Util.PerformanceTimer.logStatements] - [Performance Timer Log: getGlobalUniques:2]
[05/01/2023 09:07:38] - [PreProcessor] - [INFO] - [Util.PerformanceTimer.logStatements] - [Performance Timer Log: serializeModels:27]
[05/01/2023 09:07:38] - [PreProcessor] - [INFO] - [Util.PerformanceTimer.logStatements] - [Performance Timer Log: createSVD:2]
[05/01/2023 09:07:38] - [PreProcessor] - [INFO] - [PreProcessor.Driver.main] - [Preprocessing done.]
